# JRE version: Java(TM) SE Runtime Environment (7.0_79-b15) (build 1.7.0_79-b15)
# Java VM: Java HotSpot(TM) 64-Bit Server VM (24.79-b02 mixed mode windows-amd64 compressed oops)
Heap
 PSYoungGen      total 276992K, used 119697K [0x00000000eaa80000, 0x00000000ff280000, 0x0000000100000000)
  eden space 248832K, 47% used [0x00000000eaa80000,0x00000000f1cd0698,0x00000000f9d80000)
  from space 28160K, 9% used [0x00000000fb800000,0x00000000fba94010,0x00000000fd380000)
  to   space 27136K, 0% used [0x00000000f9d80000,0x00000000f9d80000,0x00000000fb800000)
 ParOldGen       total 75776K, used 58105K [0x00000000c0000000, 0x00000000c4a00000, 0x00000000eaa80000)
  object space 75776K, 76% used [0x00000000c0000000,0x00000000c38be590,0x00000000c4a00000)
 PSPermGen       total 102912K, used 55778K [0x00000000b0000000, 0x00000000b6480000, 0x00000000c0000000)
  object space 102912K, 54% used [0x00000000b0000000,0x00000000b3678be0,0x00000000b6480000)
GC Heap History (10 events):
Event: 283.217 GC heap before
{Heap before GC invocations=23 (full 2):
 PSYoungGen      total 205824K, used 192000K [0x00000000eaa80000, 0x00000000f9e00000, 0x0000000100000000)
  eden space 192000K, 100% used [0x00000000eaa80000,0x00000000f6600000,0x00000000f6600000)
  from space 13824K, 0% used [0x00000000f9080000,0x00000000f9080000,0x00000000f9e00000)
  to   space 24576K, 0% used [0x00000000f6e00000,0x00000000f6e00000,0x00000000f8600000)
 ParOldGen       total 75776K, used 47388K [0x00000000c0000000, 0x00000000c4a00000, 0x00000000eaa80000)
  object space 75776K, 62% used [0x00000000c0000000,0x00000000c2e472d0,0x00000000c4a00000)
 PSPermGen       total 98816K, used 48281K [0x00000000b0000000, 0x00000000b6080000, 0x00000000c0000000)
  object space 98816K, 48% used [0x00000000b0000000,0x00000000b2f26688,0x00000000b6080000)
Event: 283.228 GC heap after
Heap after GC invocations=23 (full 2):
 PSYoungGen      total 224768K, used 6436K [0x00000000eaa80000, 0x00000000fc100000, 0x0000000100000000)
  eden space 200192K, 0% used [0x00000000eaa80000,0x00000000eaa80000,0x00000000f6e00000)
  from space 24576K, 26% used [0x00000000f6e00000,0x00000000f7449028,0x00000000f8600000)
  to   space 23040K, 0% used [0x00000000faa80000,0x00000000faa80000,0x00000000fc100000)
 ParOldGen       total 75776K, used 47388K [0x00000000c0000000, 0x00000000c4a00000, 0x00000000eaa80000)
  object space 75776K, 62% used [0x00000000c0000000,0x00000000c2e472d0,0x00000000c4a00000)
 PSPermGen       total 98816K, used 48281K [0x00000000b0000000, 0x00000000b6080000, 0x00000000c0000000)
  object space 98816K, 48% used [0x00000000b0000000,0x00000000b2f26688,0x00000000b6080000)
}
Event: 292.724 GC heap before
{Heap before GC invocations=24 (full 2):
 PSYoungGen      total 224768K, used 206628K [0x00000000eaa80000, 0x00000000fc100000, 0x0000000100000000)
  eden space 200192K, 100% used [0x00000000eaa80000,0x00000000f6e00000,0x00000000f6e00000)
  from space 24576K, 26% used [0x00000000f6e00000,0x00000000f7449028,0x00000000f8600000)
  to   space 23040K, 0% used [0x00000000faa80000,0x00000000faa80000,0x00000000fc100000)
 ParOldGen       total 75776K, used 47388K [0x00000000c0000000, 0x00000000c4a00000, 0x00000000eaa80000)
  object space 75776K, 62% used [0x00000000c0000000,0x00000000c2e472d0,0x00000000c4a00000)
 PSPermGen       total 98816K, used 53367K [0x00000000b0000000, 0x00000000b6080000, 0x00000000c0000000)
  object space 98816K, 54% used [0x00000000b0000000,0x00000000b341dfd8,0x00000000b6080000)
Event: 292.782 GC heap after
Heap after GC invocations=24 (full 2):
 PSYoungGen      total 256000K, used 23014K [0x00000000eaa80000, 0x00000000fd580000, 0x0000000100000000)
  eden space 232960K, 0% used [0x00000000eaa80000,0x00000000eaa80000,0x00000000f8e00000)
  from space 23040K, 99% used [0x00000000faa80000,0x00000000fc0f99c8,0x00000000fc100000)
  to   space 29184K, 0% used [0x00000000f8e00000,0x00000000f8e00000,0x00000000faa80000)
 ParOldGen       total 75776K, used 51920K [0x00000000c0000000, 0x00000000c4a00000, 0x00000000eaa80000)
  object space 75776K, 68% used [0x00000000c0000000,0x00000000c32b4350,0x00000000c4a00000)
 PSPermGen       total 98816K, used 53367K [0x00000000b0000000, 0x00000000b6080000, 0x00000000c0000000)
  object space 98816K, 54% used [0x00000000b0000000,0x00000000b341dfd8,0x00000000b6080000)
}
Event: 304.033 GC heap before
{Heap before GC invocations=25 (full 2):
 PSYoungGen      total 256000K, used 174260K [0x00000000eaa80000, 0x00000000fd580000, 0x0000000100000000)
  eden space 232960K, 64% used [0x00000000eaa80000,0x00000000f3e337d8,0x00000000f8e00000)
  from space 23040K, 99% used [0x00000000faa80000,0x00000000fc0f99c8,0x00000000fc100000)
  to   space 29184K, 0% used [0x00000000f8e00000,0x00000000f8e00000,0x00000000faa80000)
 ParOldGen       total 75776K, used 51920K [0x00000000c0000000, 0x00000000c4a00000, 0x00000000eaa80000)
  object space 75776K, 68% used [0x00000000c0000000,0x00000000c32b4350,0x00000000c4a00000)
 PSPermGen       total 98816K, used 55343K [0x00000000b0000000, 0x00000000b6080000, 0x00000000c0000000)
  object space 98816K, 56% used [0x00000000b0000000,0x00000000b360bf98,0x00000000b6080000)
Event: 304.050 GC heap after
Heap after GC invocations=25 (full 2):
 PSYoungGen      total 262144K, used 3601K [0x00000000eaa80000, 0x00000000fd380000, 0x0000000100000000)
  eden space 232960K, 0% used [0x00000000eaa80000,0x00000000eaa80000,0x00000000f8e00000)
  from space 29184K, 12% used [0x00000000f8e00000,0x00000000f9184538,0x00000000faa80000)
  to   space 28160K, 0% used [0x00000000fb800000,0x00000000fb800000,0x00000000fd380000)
 ParOldGen       total 75776K, used 59305K [0x00000000c0000000, 0x00000000c4a00000, 0x00000000eaa80000)
  object space 75776K, 78% used [0x00000000c0000000,0x00000000c39ea6b8,0x00000000c4a00000)
 PSPermGen       total 98816K, used 55343K [0x00000000b0000000, 0x00000000b6080000, 0x00000000c0000000)
  object space 98816K, 56% used [0x00000000b0000000,0x00000000b360bf98,0x00000000b6080000)
}
Event: 304.050 GC heap before
{Heap before GC invocations=26 (full 3):
 PSYoungGen      total 262144K, used 3601K [0x00000000eaa80000, 0x00000000fd380000, 0x0000000100000000)
  eden space 232960K, 0% used [0x00000000eaa80000,0x00000000eaa80000,0x00000000f8e00000)
  from space 29184K, 12% used [0x00000000f8e00000,0x00000000f9184538,0x00000000faa80000)
  to   space 28160K, 0% used [0x00000000fb800000,0x00000000fb800000,0x00000000fd380000)
 ParOldGen       total 75776K, used 59305K [0x00000000c0000000, 0x00000000c4a00000, 0x00000000eaa80000)
  object space 75776K, 78% used [0x00000000c0000000,0x00000000c39ea6b8,0x00000000c4a00000)
 PSPermGen       total 98816K, used 55343K [0x00000000b0000000, 0x00000000b6080000, 0x00000000c0000000)
  object space 98816K, 56% used [0x00000000b0000000,0x00000000b360bf98,0x00000000b6080000)
Event: 304.666 GC heap after
Heap after GC invocations=26 (full 3):
 PSYoungGen      total 262144K, used 0K [0x00000000eaa80000, 0x00000000fd380000, 0x0000000100000000)
  eden space 232960K, 0% used [0x00000000eaa80000,0x00000000eaa80000,0x00000000f8e00000)
  from space 29184K, 0% used [0x00000000f8e00000,0x00000000f8e00000,0x00000000faa80000)
  to   space 28160K, 0% used [0x00000000fb800000,0x00000000fb800000,0x00000000fd380000)
 ParOldGen       total 75776K, used 58105K [0x00000000c0000000, 0x00000000c4a00000, 0x00000000eaa80000)
  object space 75776K, 76% used [0x00000000c0000000,0x00000000c38be590,0x00000000c4a00000)
 PSPermGen       total 102912K, used 55257K [0x00000000b0000000, 0x00000000b6480000, 0x00000000c0000000)
  object space 102912K, 53% used [0x00000000b0000000,0x00000000b35f65f8,0x00000000b6480000)
}
Event: 449.475 GC heap before
{Heap before GC invocations=27 (full 3):
 PSYoungGen      total 262144K, used 232960K [0x00000000eaa80000, 0x00000000fd380000, 0x0000000100000000)
  eden space 232960K, 100% used [0x00000000eaa80000,0x00000000f8e00000,0x00000000f8e00000)
  from space 29184K, 0% used [0x00000000f8e00000,0x00000000f8e00000,0x00000000faa80000)
  to   space 28160K, 0% used [0x00000000fb800000,0x00000000fb800000,0x00000000fd380000)
 ParOldGen       total 75776K, used 58105K [0x00000000c0000000, 0x00000000c4a00000, 0x00000000eaa80000)
  object space 75776K, 76% used [0x00000000c0000000,0x00000000c38be590,0x00000000c4a00000)
 PSPermGen       total 102912K, used 55733K [0x00000000b0000000, 0x00000000b6480000, 0x00000000c0000000)
  object space 102912K, 54% used [0x00000000b0000000,0x00000000b366d6c0,0x00000000b6480000)
Event: 449.483 GC heap after
Heap after GC invocations=27 (full 3):
 PSYoungGen      total 276992K, used 2640K [0x00000000eaa80000, 0x00000000ff280000, 0x0000000100000000)
  eden space 248832K, 0% used [0x00000000eaa80000,0x00000000eaa80000,0x00000000f9d80000)
  from space 28160K, 9% used [0x00000000fb800000,0x00000000fba94010,0x00000000fd380000)
  to   space 27136K, 0% used [0x00000000f9d80000,0x00000000f9d80000,0x00000000fb800000)
 ParOldGen       total 75776K, used 58105K [0x00000000c0000000, 0x00000000c4a00000, 0x00000000eaa80000)
  object space 75776K, 76% used [0x00000000c0000000,0x00000000c38be590,0x00000000c4a00000)
 PSPermGen       total 102912K, used 55733K [0x00000000b0000000, 0x00000000b6480000, 0x00000000c0000000)
  object space 102912K, 54% used [0x00000000b0000000,0x00000000b366d6c0,0x00000000b6480000)
}

